[0.053s] Invoking command in '/home/nmolla/ros2_ws/build/my_robot_interfaces': CMAKE_PREFIX_PATH=${CMAKE_PREFIX_PATH}:/opt/ros/galactic /usr/bin/cmake --build /home/nmolla/ros2_ws/build/my_robot_interfaces -- -j4 -l4
[0.180s] -- Found ament_cmake: 1.1.6 (/opt/ros/galactic/share/ament_cmake/cmake)
[0.263s] -- Found PythonInterp: /usr/bin/python3 (found suitable version "3.8.10", minimum required is "3") 
[0.263s] -- Using PYTHON_EXECUTABLE: /usr/bin/python3
[0.508s] -- Found rosidl_default_generators: 1.1.1 (/opt/ros/galactic/share/rosidl_default_generators/cmake)
[0.515s] -- Using all available rosidl_typesupport_c: rosidl_typesupport_fastrtps_c;rosidl_typesupport_introspection_c
[0.531s] -- Found rosidl_adapter: 2.2.3 (/opt/ros/galactic/share/rosidl_adapter/cmake)
[0.878s] -- Using all available rosidl_typesupport_cpp: rosidl_typesupport_fastrtps_cpp;rosidl_typesupport_introspection_cpp
[1.023s] -- Found PythonInterp: /usr/bin/python3 (found version "3.8.10") 
[1.784s] CMake Error at /opt/ros/galactic/share/rosidl_adapter/cmake/rosidl_adapt_interfaces.cmake:60 (message):
[1.784s]   execute_process(/usr/bin/python3 -m rosidl_adapter --package-name
[1.784s]   my_robot_interfaces --arguments-file
[1.785s]   /home/nmolla/ros2_ws/build/my_robot_interfaces/rosidl_adapter__arguments__my_robot_interfaces.json
[1.785s]   --output-dir
[1.785s]   /home/nmolla/ros2_ws/build/my_robot_interfaces/rosidl_adapter/my_robot_interfaces
[1.785s]   --output-file
[1.786s]   /home/nmolla/ros2_ws/build/my_robot_interfaces/rosidl_adapter/my_robot_interfaces.idls)
[1.786s]   returned error code 1:
[1.786s] 
[1.786s]   Error processing 'Turtle [] turtles' of 'my_robot_interfaces/TurtleArray':
[1.787s]   ''[]' is an invalid field name.  It should have the pattern
[1.787s]   '^(?!.*__)(?!.*_$)[a-z][a-z0-9_]*$''
[1.787s] 
[1.788s]   Traceback (most recent call last):
[1.788s] 
[1.788s]     File "/usr/lib/python3.8/runpy.py", line 194, in _run_module_as_main
[1.788s]       return _run_code(code, main_globals, None,
[1.789s]     File "/usr/lib/python3.8/runpy.py", line 87, in _run_code
[1.789s]       exec(code, run_globals)
[1.789s]     File "/opt/ros/galactic/lib/python3.8/site-packages/rosidl_adapter/__main__.py", line 19, in <module>
[1.789s]       sys.exit(main())
[1.789s]     File "/opt/ros/galactic/lib/python3.8/site-packages/rosidl_adapter/main.py", line 53, in main
[1.790s]       abs_idl_file = convert_to_idl(
[1.790s]     File "/opt/ros/galactic/lib/python3.8/site-packages/rosidl_adapter/__init__.py", line 19, in convert_to_idl
[1.790s]       return convert_msg_to_idl(
[1.790s]     File "/opt/ros/galactic/lib/python3.8/site-packages/rosidl_adapter/msg/__init__.py", line 28, in convert_msg_to_idl
[1.790s]       msg = parse_message_string(package_name, input_file.stem, content)
[1.791s]     File "/opt/ros/galactic/lib/python3.8/site-packages/rosidl_adapter/parser.py", line 515, in parse_message_string
[1.791s]       fields.append(Field(
[1.792s]     File "/opt/ros/galactic/lib/python3.8/site-packages/rosidl_adapter/parser.py", line 353, in __init__
[1.792s]       raise NameError(
[1.797s] 
[1.797s]   NameError: '[]' is an invalid field name.  It should have the pattern
[1.798s]   '^(?!.*__)(?!.*_$)[a-z][a-z0-9_]*$'
[1.798s] 
[1.798s] Call Stack (most recent call first):
[1.799s]   /opt/ros/galactic/share/rosidl_cmake/cmake/rosidl_generate_interfaces.cmake:130 (rosidl_adapt_interfaces)
[1.799s]   CMakeLists.txt:15 (rosidl_generate_interfaces)
[1.799s] 
[1.800s] 
[1.803s] -- Configuring incomplete, errors occurred!
[1.803s] See also "/home/nmolla/ros2_ws/build/my_robot_interfaces/CMakeFiles/CMakeOutput.log".
[1.827s] make: *** [Makefile:988: cmake_check_build_system] Error 1
[1.828s] Invoked command in '/home/nmolla/ros2_ws/build/my_robot_interfaces' returned '2': CMAKE_PREFIX_PATH=${CMAKE_PREFIX_PATH}:/opt/ros/galactic /usr/bin/cmake --build /home/nmolla/ros2_ws/build/my_robot_interfaces -- -j4 -l4
