[0.029s] Invoking command in '/home/nmolla/ros2_ws/build/my_cpp_pkg': AMENT_PREFIX_PATH=/home/nmolla/ros2_ws/install/my_robot_interfaces:${AMENT_PREFIX_PATH} CMAKE_PREFIX_PATH=/home/nmolla/ros2_ws/install/my_robot_interfaces:/home/nmolla/ros2_ws/install/my_cpp_pkg:/opt/ros/galactic LD_LIBRARY_PATH=/home/nmolla/ros2_ws/install/my_robot_interfaces/lib:${LD_LIBRARY_PATH} PYTHONPATH=/home/nmolla/ros2_ws/install/my_robot_interfaces/lib/python3.8/site-packages:${PYTHONPATH} /usr/bin/cmake --build /home/nmolla/ros2_ws/build/my_cpp_pkg -- -j4 -l4
[0.139s] [ 11%] Built target robot_news_station
[0.146s] [ 22%] Built target cpp_node
[0.147s] [ 33%] Built target number_counter
[0.154s] [ 44%] Built target number_publisher
[0.201s] [ 55%] Built target smartphone
[0.207s] [ 77%] Built target add_two_ints_client
[0.207s] [ 77%] Built target add_two_ints_server
[0.222s] [ 88%] Built target add_two_ints_client_no_oop
[0.229s] [35m[1mScanning dependencies of target hardware_status_publisher[0m
[0.273s] [ 94%] [32mBuilding CXX object CMakeFiles/hardware_status_publisher.dir/src/hw_status_publisher.cpp.o[0m
[2.539s] [01m[K/home/nmolla/ros2_ws/src/my_cpp_pkg/src/hw_status_publisher.cpp:[m[K In member function â€˜[01m[Kvoid HardwareStatusPublisher::publishHardwareStatus()[m[Kâ€™:
[2.539s] [01m[K/home/nmolla/ros2_ws/src/my_cpp_pkg/src/hw_status_publisher.cpp:21:13:[m[K [01;31m[Kerror: [m[Kâ€˜[01m[Kstruct my_robot_interfaces::msg::HardwareStatus_<std::allocator<void> >[m[Kâ€™ has no member named â€˜[01m[Ktemperature[m[Kâ€™; did you mean â€˜[01m[Ktermperature[m[Kâ€™?
[2.539s]    21 |         msg.[01;31m[Ktemperature[m[K = 57;
[2.539s]       |             [01;31m[K^~~~~~~~~~~[m[K
[2.539s]       |             [32m[Ktermperature[m[K
[3.988s] make[2]: *** [CMakeFiles/hardware_status_publisher.dir/build.make:63: CMakeFiles/hardware_status_publisher.dir/src/hw_status_publisher.cpp.o] Error 1
[3.989s] make[1]: *** [CMakeFiles/Makefile2:364: CMakeFiles/hardware_status_publisher.dir/all] Error 2
[3.989s] make: *** [Makefile:141: all] Error 2
[3.992s] Invoked command in '/home/nmolla/ros2_ws/build/my_cpp_pkg' returned '2': AMENT_PREFIX_PATH=/home/nmolla/ros2_ws/install/my_robot_interfaces:${AMENT_PREFIX_PATH} CMAKE_PREFIX_PATH=/home/nmolla/ros2_ws/install/my_robot_interfaces:/home/nmolla/ros2_ws/install/my_cpp_pkg:/opt/ros/galactic LD_LIBRARY_PATH=/home/nmolla/ros2_ws/install/my_robot_interfaces/lib:${LD_LIBRARY_PATH} PYTHONPATH=/home/nmolla/ros2_ws/install/my_robot_interfaces/lib/python3.8/site-packages:${PYTHONPATH} /usr/bin/cmake --build /home/nmolla/ros2_ws/build/my_cpp_pkg -- -j4 -l4
