[0.044s] Invoking command in '/home/nmolla/ros2_ws/build/turtlesim_catch_them_all': CMAKE_PREFIX_PATH=/home/nmolla/ros2_ws/install/my_robot_interfaces:/home/nmolla/ros2_ws/install/turtlesim_catch_them_all:/home/nmolla/ros2_ws/install/my_robot_bringup:/home/nmolla/ros2_ws/install/my_cpp_pkg:/opt/ros/galactic /usr/bin/cmake --build /home/nmolla/ros2_ws/build/turtlesim_catch_them_all -- -j4 -l4
[0.200s] -- Found ament_cmake: 1.1.6 (/opt/ros/galactic/share/ament_cmake/cmake)
[0.245s] -- Using PYTHON_EXECUTABLE: /usr/bin/python3
[0.366s] -- Found rclcpp: 9.2.2 (/opt/ros/galactic/share/rclcpp/cmake)
[0.446s] -- Using all available rosidl_typesupport_c: rosidl_typesupport_fastrtps_c;rosidl_typesupport_introspection_c
[0.452s] -- Found rosidl_adapter: 2.2.3 (/opt/ros/galactic/share/rosidl_adapter/cmake)
[0.665s] -- Using all available rosidl_typesupport_cpp: rosidl_typesupport_fastrtps_cpp;rosidl_typesupport_introspection_cpp
[0.771s] -- Found rmw_implementation_cmake: 3.3.1 (/opt/ros/galactic/share/rmw_implementation_cmake/cmake)
[0.776s] -- Found rmw_cyclonedds_cpp: 0.22.6 (/opt/ros/galactic/share/rmw_cyclonedds_cpp/cmake)
[0.816s] -- Using RMW implementation 'rmw_cyclonedds_cpp' as default
[1.106s] -- Found turtlesim: 1.3.4 (/opt/ros/galactic/share/turtlesim/cmake)
[1.292s] -- Found geometry_msgs: 2.2.4 (/opt/ros/galactic/share/geometry_msgs/cmake)
[1.462s] -- Configuring done
[1.488s] -- Generating done
[1.492s] -- Build files have been written to: /home/nmolla/ros2_ws/build/turtlesim_catch_them_all
[1.543s] [35m[1mScanning dependencies of target turtle_spawner[0m
[1.593s] [ 25%] [32mBuilding CXX object CMakeFiles/turtle_spawner.dir/src/turtle_spawner.cpp.o[0m
[1.892s] [01m[K/home/nmolla/ros2_ws/src/turtlesim_catch_them_all/src/turtle_spawner.cpp:4:10:[m[K [01;31m[Kfatal error: [m[Kmy_robot_interfaces/msg/turtle.hpp: No such file or directory
[1.893s]     4 | #include [01;31m[K"my_robot_interfaces/msg/turtle.hpp"[m[K
[1.893s]       |          [01;31m[K^~~~~~~~~~~~~~~~~~~~~~~~~~~~~~~~~~~~[m[K
[1.893s] compilation terminated.
[1.899s] make[2]: *** [CMakeFiles/turtle_spawner.dir/build.make:63: CMakeFiles/turtle_spawner.dir/src/turtle_spawner.cpp.o] Error 1
[1.900s] make[1]: *** [CMakeFiles/Makefile2:80: CMakeFiles/turtle_spawner.dir/all] Error 2
[1.900s] make: *** [Makefile:141: all] Error 2
[1.905s] Invoked command in '/home/nmolla/ros2_ws/build/turtlesim_catch_them_all' returned '2': CMAKE_PREFIX_PATH=/home/nmolla/ros2_ws/install/my_robot_interfaces:/home/nmolla/ros2_ws/install/turtlesim_catch_them_all:/home/nmolla/ros2_ws/install/my_robot_bringup:/home/nmolla/ros2_ws/install/my_cpp_pkg:/opt/ros/galactic /usr/bin/cmake --build /home/nmolla/ros2_ws/build/turtlesim_catch_them_all -- -j4 -l4
