[35m[1mScanning dependencies of target turtle_controller[0m
[ 50%] Built target turtle_spawner
[ 75%] [32mBuilding CXX object CMakeFiles/turtle_controller.dir/src/turtle_controller.cpp.o[0m
[01m[K/home/nmolla/ros2_ws/src/turtlesim_catch_them_all/src/turtle_controller.cpp:[m[K In member function â€˜[01m[Kvoid TurtleControllerNode::controlLoop()[m[Kâ€™:
[01m[K/home/nmolla/ros2_ws/src/turtlesim_catch_them_all/src/turtle_controller.cpp:66:29:[m[K [01;31m[Kerror: [m[Kno match for â€˜[01m[Koperator||[m[Kâ€™ (operand types are â€˜[01m[Kbool[m[Kâ€™ and â€˜[01m[Kmy_robot_interfaces::msg::Turtle_<std::allocator<void> >::_name_type[m[Kâ€™ {aka â€˜[01m[Kstd::__cxx11::basic_string<char>[m[Kâ€™})
   66 |         if ([32m[K!turtlesim_up_[m[K  [01;31m[K||[m[K  [34m[Kturtle_to_catch_.name[m[K = "")
      |             [32m[K~~~~~~~~~~~~~~[m[K  [01;31m[K^~[m[K  [34m[K~~~~~~~~~~~~~~~~~~~~~[m[K
      |             [32m[K|[m[K                                    [34m[K|[m[K
      |             [32m[Kbool[m[K                                 [34m[Kmy_robot_interfaces::msg::Turtle_<std::allocator<void> >::_name_type {aka std::__cxx11::basic_string<char>}[m[K
[01m[K/home/nmolla/ros2_ws/src/turtlesim_catch_them_all/src/turtle_controller.cpp:66:29:[m[K [01;36m[Knote: [m[Kcandidate: â€˜[01m[Koperator||(bool, bool)[m[Kâ€™ <built-in>
   66 |         if ([01;36m[K!turtlesim_up_  ||  turtle_to_catch_.name[m[K = "")
      |             [01;36m[K~~~~~~~~~~~~~~~~^~~~~~~~~~~~~~~~~~~~~~~~~[m[K
[01m[K/home/nmolla/ros2_ws/src/turtlesim_catch_them_all/src/turtle_controller.cpp:66:29:[m[K [01;36m[Knote: [m[K  no known conversion for argument 2 from â€˜[01m[Kmy_robot_interfaces::msg::Turtle_<std::allocator<void> >::_name_type[m[Kâ€™ {aka â€˜[01m[Kstd::__cxx11::basic_string<char>[m[Kâ€™} to â€˜[01m[Kbool[m[Kâ€™
make[2]: *** [CMakeFiles/turtle_controller.dir/build.make:63: CMakeFiles/turtle_controller.dir/src/turtle_controller.cpp.o] Error 1
make[1]: *** [CMakeFiles/Makefile2:107: CMakeFiles/turtle_controller.dir/all] Error 2
make: *** [Makefile:141: all] Error 2
