[0.036s] Invoking command in '/home/nmolla/ros2_ws/build/turtlesim_catch_them_all': CMAKE_PREFIX_PATH=/home/nmolla/ros2_ws/install/my_robot_interfaces:/home/nmolla/ros2_ws/install/turtlesim_catch_them_all:/home/nmolla/ros2_ws/install/my_robot_bringup:/home/nmolla/ros2_ws/install/my_cpp_pkg:/opt/ros/galactic /usr/bin/cmake --build /home/nmolla/ros2_ws/build/turtlesim_catch_them_all -- -j4 -l4
[0.148s] [ 50%] Built target turtle_controller
[0.150s] [ 75%] [32mBuilding CXX object CMakeFiles/turtle_spawner.dir/src/turtle_spawner.cpp.o[0m
[0.362s] [01m[K/home/nmolla/ros2_ws/src/turtlesim_catch_them_all/src/turtle_spawner.cpp:4:10:[m[K [01;31m[Kfatal error: [m[Kmy_robot_interfaces/msg/turtle.hpp: No such file or directory
[0.362s]     4 | #include [01;31m[K"my_robot_interfaces/msg/turtle.hpp"[m[K
[0.362s]       |          [01;31m[K^~~~~~~~~~~~~~~~~~~~~~~~~~~~~~~~~~~~[m[K
[0.362s] compilation terminated.
[0.366s] make[2]: *** [CMakeFiles/turtle_spawner.dir/build.make:63: CMakeFiles/turtle_spawner.dir/src/turtle_spawner.cpp.o] Error 1
[0.366s] make[1]: *** [CMakeFiles/Makefile2:80: CMakeFiles/turtle_spawner.dir/all] Error 2
[0.366s] make: *** [Makefile:141: all] Error 2
[0.370s] Invoked command in '/home/nmolla/ros2_ws/build/turtlesim_catch_them_all' returned '2': CMAKE_PREFIX_PATH=/home/nmolla/ros2_ws/install/my_robot_interfaces:/home/nmolla/ros2_ws/install/turtlesim_catch_them_all:/home/nmolla/ros2_ws/install/my_robot_bringup:/home/nmolla/ros2_ws/install/my_cpp_pkg:/opt/ros/galactic /usr/bin/cmake --build /home/nmolla/ros2_ws/build/turtlesim_catch_them_all -- -j4 -l4
