[0.026s] Invoking command in '/home/nmolla/ros2_ws/build/my_cpp_pkg': /usr/bin/cmake --build /home/nmolla/ros2_ws/build/my_cpp_pkg -- -j4 -l4
[0.073s] -- Found ament_cmake: 1.1.6 (/opt/ros/galactic/share/ament_cmake/cmake)
[0.106s] -- Using PYTHON_EXECUTABLE: /usr/bin/python3
[0.214s] -- Found rclcpp: 9.2.2 (/opt/ros/galactic/share/rclcpp/cmake)
[0.272s] -- Using all available rosidl_typesupport_c: rosidl_typesupport_fastrtps_c;rosidl_typesupport_introspection_c
[0.276s] -- Found rosidl_adapter: 2.2.3 (/opt/ros/galactic/share/rosidl_adapter/cmake)
[0.453s] -- Using all available rosidl_typesupport_cpp: rosidl_typesupport_fastrtps_cpp;rosidl_typesupport_introspection_cpp
[0.540s] -- Found rmw_implementation_cmake: 3.3.1 (/opt/ros/galactic/share/rmw_implementation_cmake/cmake)
[0.542s] -- Found rmw_cyclonedds_cpp: 0.22.6 (/opt/ros/galactic/share/rmw_cyclonedds_cpp/cmake)
[0.576s] -- Using RMW implementation 'rmw_cyclonedds_cpp' as default
[0.809s] -- Found example_interfaces: 0.9.2 (/opt/ros/galactic/share/example_interfaces/cmake)
[1.042s] Error parsing '/home/nmolla/ros2_ws/src/my_cpp_pkg/package.xml':
[1.227s] Traceback (most recent call last):
[1.227s]   File "/usr/lib/python3/dist-packages/catkin_pkg/package.py", line 610, in parse_package_string
[1.227s]     root = dom.parseString(data)
[1.227s]   File "/usr/lib/python3.8/xml/dom/minidom.py", line 1969, in parseString
[1.228s]     return expatbuilder.parseString(string)
[1.228s]   File "/usr/lib/python3.8/xml/dom/expatbuilder.py", line 925, in parseString
[1.228s]     return builder.parseString(string)
[1.228s]   File "/usr/lib/python3.8/xml/dom/expatbuilder.py", line 223, in parseString
[1.228s]     parser.Parse(string, True)
[1.228s] xml.parsers.expat.ExpatError: mismatched tag: line 21, column 2
[1.228s] 
[1.228s] During handling of the above exception, another exception occurred:
[1.229s] 
[1.229s] Traceback (most recent call last):
[1.229s]   File "/opt/ros/galactic/share/ament_cmake_core/cmake/core/package_xml_2_cmake.py", line 151, in <module>
[1.229s]     main()
[1.229s]   File "/opt/ros/galactic/share/ament_cmake_core/cmake/core/package_xml_2_cmake.py", line 54, in main
[1.229s]     raise e
[1.229s]   File "/opt/ros/galactic/share/ament_cmake_core/cmake/core/package_xml_2_cmake.py", line 50, in main
[1.230s]     package = parse_package_string(
[1.230s]   File "/usr/lib/python3/dist-packages/catkin_pkg/package.py", line 612, in parse_package_string
[1.230s]     raise InvalidPackage('The manifest contains invalid XML:\n%s' % ex, filename)
[1.230s] catkin_pkg.package.InvalidPackage: Error(s) in package '/home/nmolla/ros2_ws/src/my_cpp_pkg/package.xml':
[1.230s] The manifest contains invalid XML:
[1.230s] mismatched tag: line 21, column 2
[1.269s] CMake Error at /opt/ros/galactic/share/ament_cmake_core/cmake/core/ament_package_xml.cmake:94 (message):
[1.269s]   execute_process(/usr/bin/python3
[1.269s]   /opt/ros/galactic/share/ament_cmake_core/cmake/core/package_xml_2_cmake.py
[1.269s]   /home/nmolla/ros2_ws/src/my_cpp_pkg/package.xml
[1.269s]   /home/nmolla/ros2_ws/build/my_cpp_pkg/ament_cmake_core/package.cmake)
[1.269s]   returned error code 1
[1.270s] Call Stack (most recent call first):
[1.270s]   /opt/ros/galactic/share/ament_cmake_core/cmake/core/ament_package_xml.cmake:49 (_ament_package_xml)
[1.270s]   /opt/ros/galactic/share/ament_cmake_core/cmake/core/ament_package.cmake:63 (ament_package_xml)
[1.270s]   CMakeLists.txt:26 (ament_package)
[1.270s] 
[1.271s] 
[1.273s] -- Configuring incomplete, errors occurred!
[1.273s] See also "/home/nmolla/ros2_ws/build/my_cpp_pkg/CMakeFiles/CMakeOutput.log".
[1.273s] See also "/home/nmolla/ros2_ws/build/my_cpp_pkg/CMakeFiles/CMakeError.log".
[1.285s] make: *** [Makefile:266: cmake_check_build_system] Error 1
[1.289s] Invoked command in '/home/nmolla/ros2_ws/build/my_cpp_pkg' returned '2': /usr/bin/cmake --build /home/nmolla/ros2_ws/build/my_cpp_pkg -- -j4 -l4
