[01m[K/home/nmolla/ros2_ws/src/turtlesim_catch_them_all/src/turtle_spawner.cpp:[m[K In member function â€˜[01m[Kvoid TurtleSpawnerNode::call_spawn_server(double, double, double, std::string)[m[Kâ€™:
[01m[K/home/nmolla/ros2_ws/src/turtlesim_catch_them_all/src/turtle_spawner.cpp:77:17:[m[K [01;31m[Kerror: [m[Kâ€˜[01m[KpublishAliveTurtles[m[Kâ€™ was not declared in this scope; did you mean â€˜[01m[Kpublish_alive_turtles[m[Kâ€™?
   77 |                 [01;31m[KpublishAliveTurtles[m[K();
      |                 [01;31m[K^~~~~~~~~~~~~~~~~~~[m[K
      |                 [32m[Kpublish_alive_turtles[m[K
make[2]: *** [CMakeFiles/turtle_spawner.dir/build.make:63: CMakeFiles/turtle_spawner.dir/src/turtle_spawner.cpp.o] Error 1
make[1]: *** [CMakeFiles/Makefile2:80: CMakeFiles/turtle_spawner.dir/all] Error 2
make: *** [Makefile:141: all] Error 2
