-- Found ament_cmake: 1.1.6 (/opt/ros/galactic/share/ament_cmake/cmake)
-- Using PYTHON_EXECUTABLE: /usr/bin/python3
-- Found rclcpp: 9.2.2 (/opt/ros/galactic/share/rclcpp/cmake)
-- Using all available rosidl_typesupport_c: rosidl_typesupport_fastrtps_c;rosidl_typesupport_introspection_c
-- Found rosidl_adapter: 2.2.3 (/opt/ros/galactic/share/rosidl_adapter/cmake)
-- Using all available rosidl_typesupport_cpp: rosidl_typesupport_fastrtps_cpp;rosidl_typesupport_introspection_cpp
-- Found rmw_implementation_cmake: 3.3.1 (/opt/ros/galactic/share/rmw_implementation_cmake/cmake)
-- Found rmw_cyclonedds_cpp: 0.22.6 (/opt/ros/galactic/share/rmw_cyclonedds_cpp/cmake)
-- Using RMW implementation 'rmw_cyclonedds_cpp' as default
-- Found example_interfaces: 0.9.2 (/opt/ros/galactic/share/example_interfaces/cmake)
-- Configuring done
-- Generating done
-- Build files have been written to: /home/nmolla/ros2_ws/build/my_cpp_pkg
[35m[1mScanning dependencies of target cpp_node[0m
[35m[1mScanning dependencies of target robot_news_station[0m
[35m[1mScanning dependencies of target number_publisher[0m
[ 20%] Built target smartphone
[35m[1mScanning dependencies of target number_counter[0m
[ 30%] [32mBuilding CXX object CMakeFiles/robot_news_station.dir/src/robot_news_station.cpp.o[0m
[ 40%] [32mBuilding CXX object CMakeFiles/cpp_node.dir/src/my_first_node.cpp.o[0m
[ 50%] [32mBuilding CXX object CMakeFiles/number_counter.dir/src/number_counter.cpp.o[0m
[ 60%] [32mBuilding CXX object CMakeFiles/number_publisher.dir/src/number_publisher.cpp.o[0m
[ 70%] [32m[1mLinking CXX executable number_counter[0m
/usr/bin/ld: /usr/lib/gcc/x86_64-linux-gnu/9/../../../x86_64-linux-gnu/Scrt1.o: in function `_start':
(.text+0x24): undefined reference to `main'
collect2: error: ld returned 1 exit status
make[2]: *** [CMakeFiles/number_counter.dir/build.make:147: number_counter] Error 1
make[1]: *** [CMakeFiles/Makefile2:248: CMakeFiles/number_counter.dir/all] Error 2
make[1]: *** Waiting for unfinished jobs....
[ 80%] [32m[1mLinking CXX executable cpp_node[0m
[ 80%] Built target cpp_node
[ 90%] [32m[1mLinking CXX executable number_publisher[0m
[ 90%] Built target number_publisher
[100%] [32m[1mLinking CXX executable robot_news_station[0m
[100%] Built target robot_news_station
make: *** [Makefile:141: all] Error 2
